
Non-typescript files copied
[32mprairielearn/src[0m
â”Œâ”€â”€â”€â”€â”€â”€â”€â”€â”€â”€â”€â”€â”€â”€â”€â”€â”€â”€â”€â”€â”€â”€â”€â”€â”€â”€â”€â”€â”€â”€â”€â”€â”€â”€â”€â”€â”€â”€â”€â”€â”€â”€â”€â”€â”€â”€â”€â”€â”€â”€â”€â”€â”€â”€â”€â”€â”€â”€â”€â”€â”€â”€â”€â”€â”€â”€â”€â”€â”€â”€â”¬â”€â”€â”€â”€â”€â”€â”€â”€â”€â”€â”€â”€â”€â”€â”€â”€â”€â”€â”€â”€â”€â”€â”€â”€â”€â”€â”€â”€â”€â”€â”€â”€â”€â”€â”€â”€â”€â”€â”€â”€â”€â”€â”€â”€â”€â”€â”€â”€â”€â”€â”€â”€â”€â”€â”€â”€â”€â”€â”€â”€â”€â”€â”€â”€â”€â”€â”€â”€â”€â”€â”€â”€â”€â”€â”€â”€â”€â”€â”€â”€â”€â”¬â”€â”€â”€â”€â”€â”€â”€â”€â”€â”€â”€â”¬â”€â”€â”€â”€â”€â”€â”€â”€â”€â”€â”€â”€â”€â”¬â”€â”€â”€â”€â”€â”€â”€â”€â”€â”€â”€â”€â”€â”€â”€â”
â”‚                               (index)                                â”‚                                   Output file                                   â”‚   Size    â”‚ Size (gzip) â”‚ Size (brotli) â”‚
â”œâ”€â”€â”€â”€â”€â”€â”€â”€â”€â”€â”€â”€â”€â”€â”€â”€â”€â”€â”€â”€â”€â”€â”€â”€â”€â”€â”€â”€â”€â”€â”€â”€â”€â”€â”€â”€â”€â”€â”€â”€â”€â”€â”€â”€â”€â”€â”€â”€â”€â”€â”€â”€â”€â”€â”€â”€â”€â”€â”€â”€â”€â”€â”€â”€â”€â”€â”€â”€â”€â”€â”¼â”€â”€â”€â”€â”€â”€â”€â”€â”€â”€â”€â”€â”€â”€â”€â”€â”€â”€â”€â”€â”€â”€â”€â”€â”€â”€â”€â”€â”€â”€â”€â”€â”€â”€â”€â”€â”€â”€â”€â”€â”€â”€â”€â”€â”€â”€â”€â”€â”€â”€â”€â”€â”€â”€â”€â”€â”€â”€â”€â”€â”€â”€â”€â”€â”€â”€â”€â”€â”€â”€â”€â”€â”€â”€â”€â”€â”€â”€â”€â”€â”€â”¼â”€â”€â”€â”€â”€â”€â”€â”€â”€â”€â”€â”¼â”€â”€â”€â”€â”€â”€â”€â”€â”€â”€â”€â”€â”€â”¼â”€â”€â”€â”€â”€â”€â”€â”€â”€â”€â”€â”€â”€â”€â”€â”¤
â”‚                scripts/administratorFeaturesClient.ts                â”‚                [32m'scripts/administratorFeaturesClient-A7TWZDJE.js'[39m                â”‚ [32m'65.6 kB'[39m â”‚   [32m'20 kB'[39m   â”‚   [32m'17.9 kB'[39m   â”‚
â”‚       scripts/administratorInstitutionCourseInstanceClient.ts        â”‚       [32m'scripts/administratorInstitutionCourseInstanceClient-O2FFIUNW.js'[39m        â”‚  [32m'454 B'[39m  â”‚   [32m'299 B'[39m   â”‚    [32m'224 B'[39m    â”‚
â”‚           scripts/administratorInstitutionGeneralClient.ts           â”‚           [32m'scripts/administratorInstitutionGeneralClient-DFCOCICO.js'[39m           â”‚  [32m'447 B'[39m  â”‚   [32m'294 B'[39m   â”‚    [32m'222 B'[39m    â”‚
â”‚            scripts/administratorInstitutionLti13Client.ts            â”‚            [32m'scripts/administratorInstitutionLti13Client-XNU2YH4O.js'[39m            â”‚ [32m'2.55 kB'[39m â”‚  [32m'1.28 kB'[39m  â”‚   [32m'1.12 kB'[39m   â”‚
â”‚                        scripts/application.ts                        â”‚                        [32m'scripts/application-5W5DHU6S.js'[39m                        â”‚ [32m'26.4 kB'[39m â”‚  [32m'8.2 kB'[39m   â”‚   [32m'7.32 kB'[39m   â”‚
â”‚               scripts/bootstrap-table-sticky-header.js               â”‚               [32m'scripts/bootstrap-table-sticky-header-NNFDO4NX.js'[39m               â”‚ [32m'4.27 kB'[39m â”‚  [32m'1.35 kB'[39m  â”‚   [32m'1.19 kB'[39m   â”‚
â”‚                       scripts/enrollClient.ts                        â”‚                       [32m'scripts/enrollClient-FQUDTSJZ.js'[39m                        â”‚ [32m'1.34 kB'[39m â”‚   [32m'635 B'[39m   â”‚    [32m'513 B'[39m    â”‚
â”‚                  scripts/examTimeLimitCountdown.ts                   â”‚                  [32m'scripts/examTimeLimitCountdown-H4FTIHHN.js'[39m                   â”‚ [32m'6.67 kB'[39m â”‚  [32m'3.04 kB'[39m  â”‚   [32m'2.65 kB'[39m   â”‚
â”‚               scripts/institutionAdminAdminsClient.ts                â”‚               [32m'scripts/institutionAdminAdminsClient-ZE5VOSUZ.js'[39m                â”‚ [32m'1.2 kB'[39m  â”‚   [32m'649 B'[39m   â”‚    [32m'516 B'[39m    â”‚
â”‚           scripts/instructorAiGenerateDraftEditorClient.ts           â”‚           [32m'scripts/instructorAiGenerateDraftEditorClient-N6UFRI2N.js'[39m           â”‚ [32m'477 kB'[39m  â”‚  [32m'135 kB'[39m   â”‚   [32m'112 kB'[39m    â”‚
â”‚             scripts/instructorAiGenerateDraftsClient.ts              â”‚             [32m'scripts/instructorAiGenerateDraftsClient-DS4LOVX4.js'[39m              â”‚ [32m'10.3 kB'[39m â”‚  [32m'3.74 kB'[39m  â”‚   [32m'3.35 kB'[39m   â”‚
â”‚            scripts/instructorAssessmentInstanceClient.ts             â”‚            [32m'scripts/instructorAssessmentInstanceClient-SGAJVR2X.js'[39m             â”‚ [32m'1.1 kB'[39m  â”‚   [32m'629 B'[39m   â”‚    [32m'505 B'[39m    â”‚
â”‚           scripts/instructorAssessmentInstancesClient.tsx            â”‚            [32m'scripts/instructorAssessmentInstancesClient-YJWNOUIK.js'[39m            â”‚ [32m'224 kB'[39m  â”‚   [32m'69 kB'[39m   â”‚   [32m'59.8 kB'[39m   â”‚
â”‚     scripts/instructorAssessmentManualGradingAssessmentClient.ts     â”‚     [32m'scripts/instructorAssessmentManualGradingAssessmentClient-6IT4BIPY.js'[39m     â”‚ [32m'1.13 kB'[39m â”‚   [32m'654 B'[39m   â”‚    [32m'526 B'[39m    â”‚
â”‚ scripts/instructorAssessmentManualGradingAssessmentQuestionClient.ts â”‚ [32m'scripts/instructorAssessmentManualGradingAssessmentQuestionClient-D26Y65PK.js'[39m â”‚ [32m'104 kB'[39m  â”‚  [32m'25.4 kB'[39m  â”‚   [32m'22.5 kB'[39m   â”‚
â”‚     scripts/instructorAssessmentManualGradingInstanceQuestion.js     â”‚     [32m'scripts/instructorAssessmentManualGradingInstanceQuestion-KXEY6DVV.js'[39m     â”‚ [32m'25.2 kB'[39m â”‚  [32m'7.64 kB'[39m  â”‚   [32m'6.86 kB'[39m   â”‚
â”‚       scripts/instructorAssessmentQuestionStatisticsClient.ts        â”‚       [32m'scripts/instructorAssessmentQuestionStatisticsClient-P3KFJXUU.js'[39m        â”‚  [32m'59 kB'[39m  â”‚  [32m'20.6 kB'[39m  â”‚   [32m'18.1 kB'[39m   â”‚
â”‚            scripts/instructorAssessmentQuestionsClient.ts            â”‚            [32m'scripts/instructorAssessmentQuestionsClient-RGCSCYO5.js'[39m            â”‚ [32m'54.1 kB'[39m â”‚   [32m'19 kB'[39m   â”‚   [32m'16.8 kB'[39m   â”‚
â”‚            scripts/instructorAssessmentSettingsClient.ts             â”‚            [32m'scripts/instructorAssessmentSettingsClient-6ZUXJDTB.js'[39m             â”‚ [32m'12.6 kB'[39m â”‚  [32m'4.56 kB'[39m  â”‚   [32m'4.06 kB'[39m   â”‚
â”‚           scripts/instructorAssessmentStatisticsClient.ts            â”‚           [32m'scripts/instructorAssessmentStatisticsClient-LJH43HTR.js'[39m            â”‚ [32m'62.1 kB'[39m â”‚  [32m'21.1 kB'[39m  â”‚   [32m'18.5 kB'[39m   â”‚
â”‚                scripts/instructorAssessmentsClient.ts                â”‚                [32m'scripts/instructorAssessmentsClient-IV4EOADE.js'[39m                â”‚ [32m'64.5 kB'[39m â”‚  [32m'22.9 kB'[39m  â”‚   [32m'20.2 kB'[39m   â”‚
â”‚           scripts/instructorCourseAdminInstancesClient.ts            â”‚           [32m'scripts/instructorCourseAdminInstancesClient-UHV5O7VJ.js'[39m            â”‚  [32m'797 B'[39m  â”‚   [32m'425 B'[39m   â”‚    [32m'354 B'[39m    â”‚
â”‚            scripts/instructorCourseAdminSettingsClient.ts            â”‚            [32m'scripts/instructorCourseAdminSettingsClient-WUINQ6YC.js'[39m            â”‚ [32m'11.4 kB'[39m â”‚  [32m'4.19 kB'[39m  â”‚   [32m'3.74 kB'[39m   â”‚
â”‚                scripts/instructorFileBrowserClient.ts                â”‚                [32m'scripts/instructorFileBrowserClient-GLJJX6RM.js'[39m                â”‚ [32m'5.33 kB'[39m â”‚  [32m'2.24 kB'[39m  â”‚   [32m'2.04 kB'[39m   â”‚
â”‚                scripts/instructorFileEditorClient.ts                 â”‚                [32m'scripts/instructorFileEditorClient-H6MDRYEU.js'[39m                 â”‚ [32m'1.07 MB'[39m â”‚  [32m'300 kB'[39m   â”‚   [32m'236 kB'[39m    â”‚
â”‚                 scripts/instructorGradebookClient.ts                 â”‚                 [32m'scripts/instructorGradebookClient-ZGTAS3RR.js'[39m                 â”‚ [32m'9.59 kB'[39m â”‚  [32m'3.96 kB'[39m  â”‚   [32m'3.44 kB'[39m   â”‚
â”‚           scripts/instructorInstanceAdminBillingClient.ts            â”‚           [32m'scripts/instructorInstanceAdminBillingClient-EVGFUIF4.js'[39m            â”‚ [32m'15.8 kB'[39m â”‚  [32m'6.22 kB'[39m  â”‚   [32m'5.5 kB'[39m    â”‚
â”‚           scripts/instructorInstanceAdminSettingsClient.ts           â”‚           [32m'scripts/instructorInstanceAdminSettingsClient-NEUB63EK.js'[39m           â”‚ [32m'11.8 kB'[39m â”‚  [32m'4.33 kB'[39m  â”‚   [32m'3.87 kB'[39m   â”‚
â”‚             scripts/instructorQuestionSettingsClient.ts              â”‚             [32m'scripts/instructorQuestionSettingsClient-Z7OP7P4I.js'[39m              â”‚ [32m'58.4 kB'[39m â”‚  [32m'19.4 kB'[39m  â”‚   [32m'17.3 kB'[39m   â”‚
â”‚            scripts/instructorQuestionStatisticsClient.ts             â”‚            [32m'scripts/instructorQuestionStatisticsClient-BRNDZZMB.js'[39m             â”‚ [32m'53.2 kB'[39m â”‚  [32m'18.7 kB'[39m  â”‚   [32m'16.5 kB'[39m   â”‚
â”‚                 scripts/instructorQuestionsClient.ts                 â”‚                 [32m'scripts/instructorQuestionsClient-U357YY7Z.js'[39m                 â”‚ [32m'28.2 kB'[39m â”‚  [32m'8.74 kB'[39m  â”‚   [32m'7.8 kB'[39m    â”‚
â”‚               scripts/instructorRequestCourseClient.ts               â”‚               [32m'scripts/instructorRequestCourseClient-RQBQFJIM.js'[39m               â”‚ [32m'2.92 kB'[39m â”‚  [32m'1.42 kB'[39m  â”‚   [32m'1.26 kB'[39m   â”‚
â”‚                     scripts/jobSequenceClient.ts                     â”‚                     [32m'scripts/jobSequenceClient-DDKRXDHZ.js'[39m                     â”‚ [32m'44.2 kB'[39m â”‚  [32m'14.2 kB'[39m  â”‚   [32m'12.7 kB'[39m   â”‚
â”‚                       scripts/navbarClient.ts                        â”‚                       [32m'scripts/navbarClient-7FLGATRR.js'[39m                        â”‚  [32m'67 kB'[39m  â”‚  [32m'19.4 kB'[39m  â”‚   [32m'17.3 kB'[39m   â”‚
â”‚                     scripts/pageLayoutClient.ts                      â”‚                     [32m'scripts/pageLayoutClient-ZKLJ5XTY.js'[39m                      â”‚ [32m'1.25 kB'[39m â”‚   [32m'586 B'[39m   â”‚    [32m'493 B'[39m    â”‚
â”‚                         scripts/question.ts                          â”‚                         [32m'scripts/question-CABJF4G6.js'[39m                          â”‚ [32m'51.3 kB'[39m â”‚  [32m'16.7 kB'[39m  â”‚    [32m'15 kB'[39m    â”‚
â”‚                  scripts/studentAssessmentClient.ts                  â”‚                  [32m'scripts/studentAssessmentClient-XR3SFA5D.js'[39m                  â”‚  [32m'584 B'[39m  â”‚   [32m'374 B'[39m   â”‚    [32m'281 B'[39m    â”‚
â”‚            scripts/studentCourseInstanceUpgradeClient.ts             â”‚            [32m'scripts/studentCourseInstanceUpgradeClient-CMUVAQRK.js'[39m             â”‚  [32m'407 B'[39m  â”‚   [32m'275 B'[39m   â”‚    [32m'203 B'[39m    â”‚
â”‚                      scripts/workspaceClient.ts                      â”‚                      [32m'scripts/workspaceClient-ZDZHWWND.js'[39m                      â”‚ [32m'43.8 kB'[39m â”‚  [32m'13.7 kB'[39m  â”‚   [32m'12.3 kB'[39m   â”‚
â”‚           stylesheets/instructorAiGenerateDraftEditor.css            â”‚           [32m'stylesheets/instructorAiGenerateDraftEditor-4HDRGUSV.css'[39m            â”‚ [32m'1.82 kB'[39m â”‚   [32m'645 B'[39m   â”‚    [32m'517 B'[39m    â”‚
â”‚ stylesheets/instructorAssessmentManualGradingAssessmentQuestion.css  â”‚ [32m'stylesheets/instructorAssessmentManualGradingAssessmentQuestion-KIRX4R34.css'[39m  â”‚ [32m'9.96 kB'[39m â”‚  [32m'2.58 kB'[39m  â”‚   [32m'2.16 kB'[39m   â”‚
â”‚                 stylesheets/instructorGradebook.css                  â”‚                 [32m'stylesheets/instructorGradebook-DF66ZCKR.css'[39m                  â”‚  [32m'131 B'[39m  â”‚   [32m'137 B'[39m   â”‚    [32m'108 B'[39m    â”‚
â”‚                   stylesheets/instructorIssues.css                   â”‚                   [32m'stylesheets/instructorIssues-M6EAO6SG.css'[39m                   â”‚  [32m'149 B'[39m  â”‚   [32m'152 B'[39m   â”‚    [32m'107 B'[39m    â”‚
â”‚                      stylesheets/pageLayout.css                      â”‚                      [32m'stylesheets/pageLayout-5664BPHF.css'[39m                      â”‚ [32m'2.98 kB'[39m â”‚   [32m'859 B'[39m   â”‚    [32m'671 B'[39m    â”‚
â”‚                    stylesheets/questionsTable.css                    â”‚                    [32m'stylesheets/questionsTable-GPOPKVG5.css'[39m                    â”‚ [32m'9.93 kB'[39m â”‚  [32m'2.56 kB'[39m  â”‚   [32m'2.13 kB'[39m   â”‚
â””â”€â”€â”€â”€â”€â”€â”€â”€â”€â”€â”€â”€â”€â”€â”€â”€â”€â”€â”€â”€â”€â”€â”€â”€â”€â”€â”€â”€â”€â”€â”€â”€â”€â”€â”€â”€â”€â”€â”€â”€â”€â”€â”€â”€â”€â”€â”€â”€â”€â”€â”€â”€â”€â”€â”€â”€â”€â”€â”€â”€â”€â”€â”€â”€â”€â”€â”€â”€â”€â”€â”´â”€â”€â”€â”€â”€â”€â”€â”€â”€â”€â”€â”€â”€â”€â”€â”€â”€â”€â”€â”€â”€â”€â”€â”€â”€â”€â”€â”€â”€â”€â”€â”€â”€â”€â”€â”€â”€â”€â”€â”€â”€â”€â”€â”€â”€â”€â”€â”€â”€â”€â”€â”€â”€â”€â”€â”€â”€â”€â”€â”€â”€â”€â”€â”€â”€â”€â”€â”€â”€â”€â”€â”€â”€â”€â”€â”€â”€â”€â”€â”€â”€â”´â”€â”€â”€â”€â”€â”€â”€â”€â”€â”€â”€â”´â”€â”€â”€â”€â”€â”€â”€â”€â”€â”€â”€â”€â”€â”´â”€â”€â”€â”€â”€â”€â”€â”€â”€â”€â”€â”€â”€â”€â”€â”˜
